19:35:59.263 T:140216515393728  NOTICE: special://profile/ is mapped to: special://masterprofile/
19:35:59.263 T:140216515393728  NOTICE: -----------------------------------------------------------------------
19:35:59.263 T:140216515393728  NOTICE: Starting Kodi (18.0-ALPHA1 Git:20170801-d0e3f716fc-di). Platform: Linux x86 64-bit
19:35:59.263 T:140216515393728  NOTICE: Using Release Kodi x64 build
19:35:59.263 T:140216515393728  NOTICE: Kodi compiled Aug  1 2017 by GCC 7.1.1 for Linux x86 64-bit version 4.10.1 (264705)
19:35:59.263 T:140216515393728  NOTICE: Running on Arch Linux rolling, kernel: Linux x86 64-bit version 4.12.3-1-ARCH
19:35:59.263 T:140216515393728  NOTICE: FFmpeg version/source: 3.3.2
19:35:59.263 T:140216515393728  NOTICE: Host CPU: Intel(R) Core(TM) i5-4210U CPU @ 1.70GHz, 4 cores available
19:35:59.263 T:140216515393728  NOTICE: special://xbmc/ is mapped to: /usr/share/kodi
19:35:59.263 T:140216515393728  NOTICE: special://xbmcbin/ is mapped to: /usr/lib/kodi
19:35:59.263 T:140216515393728  NOTICE: special://xbmcbinaddons/ is mapped to: /usr/lib/kodi/addons
19:35:59.263 T:140216515393728  NOTICE: special://masterprofile/ is mapped to: /home/breno/.kodi/userdata
19:35:59.263 T:140216515393728  NOTICE: special://envhome/ is mapped to: /home/breno
19:35:59.263 T:140216515393728  NOTICE: special://home/ is mapped to: /home/breno/.kodi
19:35:59.263 T:140216515393728  NOTICE: special://temp/ is mapped to: /home/breno/.kodi/temp
19:35:59.263 T:140216515393728  NOTICE: special://logpath/ is mapped to: /home/breno/.kodi/temp
19:35:59.263 T:140216515393728  NOTICE: The executable running is: /usr/lib/kodi/kodi.bin
19:35:59.263 T:140216515393728  NOTICE: Local hostname: flareon
19:35:59.263 T:140216515393728  NOTICE: Log File is located: /home/breno/.kodi/temp//kodi.log
19:35:59.263 T:140216515393728  NOTICE: -----------------------------------------------------------------------
19:35:59.270 T:140216515393728   DEBUG: DBus method call to org.freedesktop.ConsoleKit.Manager.CanStop at /org/freedesktop/ConsoleKit/Manager of org.freedesktop.ConsoleKit failed: org.freedesktop.DBus.Error.ServiceUnknown - The name org.freedesktop.ConsoleKit was not provided by any .service files
19:35:59.270 T:140216515393728    INFO: Selected Logind/UPower as PowerSyscall
19:35:59.295 T:140216515393728   DEBUG: LogindUPowerSyscall - inhibit lock taken, fd 10
19:35:59.298 T:140216515393728   ERROR: DBus error: org.freedesktop.DBus.Error.InvalidArgs - No such property 'OnLowBattery'
19:35:59.299 T:140216515393728  NOTICE: load settings...
19:35:59.306 T:140216515393728   DEBUG: CSettings: loaded settings definition from special://xbmc/system/settings/settings.xml
19:35:59.313 T:140216515393728   DEBUG: CSettings: loaded settings definition from special://xbmc/system/settings/linux.xml
19:35:59.319 T:140216515393728   DEBUG: PulseAudio: Context authorizing
19:35:59.320 T:140216515393728   DEBUG: PulseAudio: Context setting name
19:35:59.320 T:140216515393728   DEBUG: PulseAudio: Context ready
19:35:59.320 T:140215951103744   DEBUG: PulseAudio: Found Built-in Audio with devicestring alsa_output.hw_0_7
19:35:59.320 T:140215951103744   DEBUG: PulseAudio: Found Built-in Audio Analog Stereo with devicestring alsa_output.pci-0000_00_1b.0.analog-stereo
19:35:59.321 T:140216515393728  NOTICE: Found 1 Lists of Devices
19:35:59.321 T:140216515393728  NOTICE: Enumerated PULSE devices:
19:35:59.321 T:140216515393728  NOTICE:     Device 1
19:35:59.321 T:140216515393728  NOTICE:         m_deviceName      : Default
19:35:59.321 T:140216515393728  NOTICE:         m_displayName     : Default
19:35:59.321 T:140216515393728  NOTICE:         m_displayNameExtra: Default Output Device (PULSEAUDIO)
19:35:59.321 T:140216515393728  NOTICE:         m_deviceType      : AE_DEVTYPE_PCM
19:35:59.321 T:140216515393728  NOTICE:         m_channels        : FL, FR
19:35:59.321 T:140216515393728  NOTICE:         m_sampleRates     : 5512,8000,11025,16000,22050,32000,44100,48000,64000,88200,96000,176400,192000,384000
19:35:59.321 T:140216515393728  NOTICE:         m_dataFormats     : AE_FMT_U8,AE_FMT_S16NE,AE_FMT_S24NE3,AE_FMT_S24NE4,AE_FMT_S32NE,AE_FMT_FLOAT
19:35:59.321 T:140216515393728  NOTICE:         m_streamTypes     : No passthrough capabilities
19:35:59.321 T:140216515393728  NOTICE:     Device 2
19:35:59.321 T:140216515393728  NOTICE:         m_deviceName      : alsa_output.hw_0_7
19:35:59.321 T:140216515393728  NOTICE:         m_displayName     : Built-in Audio
19:35:59.321 T:140216515393728  NOTICE:         m_displayNameExtra: Built-in Audio (PULSEAUDIO)
19:35:59.321 T:140216515393728  NOTICE:         m_deviceType      : AE_DEVTYPE_PCM
19:35:59.321 T:140216515393728  NOTICE:         m_channels        : FL, FR
19:35:59.321 T:140216515393728  NOTICE:         m_sampleRates     : 5512,8000,11025,16000,22050,32000,44100,48000,64000,88200,96000,176400,192000,384000
19:35:59.321 T:140216515393728  NOTICE:         m_dataFormats     : AE_FMT_U8,AE_FMT_S16NE,AE_FMT_S24NE3,AE_FMT_S24NE4,AE_FMT_S32NE,AE_FMT_FLOAT
19:35:59.321 T:140216515393728  NOTICE:         m_streamTypes     : No passthrough capabilities
19:35:59.321 T:140216515393728  NOTICE:     Device 3
19:35:59.321 T:140216515393728  NOTICE:         m_deviceName      : alsa_output.pci-0000_00_1b.0.analog-stereo
19:35:59.321 T:140216515393728  NOTICE:         m_displayName     : Built-in Audio Analog Stereo
19:35:59.321 T:140216515393728  NOTICE:         m_displayNameExtra: Speakers (PULSEAUDIO)
19:35:59.321 T:140216515393728  NOTICE:         m_deviceType      : AE_DEVTYPE_PCM
19:35:59.321 T:140216515393728  NOTICE:         m_channels        : FL, FR
19:35:59.321 T:140216515393728  NOTICE:         m_sampleRates     : 5512,8000,11025,16000,22050,32000,44100,48000,64000,88200,96000,176400,192000,384000
19:35:59.321 T:140216515393728  NOTICE:         m_dataFormats     : AE_FMT_U8,AE_FMT_S16NE,AE_FMT_S24NE3,AE_FMT_S24NE4,AE_FMT_S32NE,AE_FMT_FLOAT
19:35:59.321 T:140216515393728  NOTICE:         m_streamTypes     : No passthrough capabilities
19:35:59.323 T:140216515393728   DEBUG: SECTION:LoadDLL(libbluray.so.2)
19:35:59.323 T:140216515393728   DEBUG: Loading: libbluray.so.2
19:35:59.330 T:140216515393728   DEBUG: CSkinSettings: no <skinsettings> tag found
19:35:59.330 T:140216515393728  NOTICE: No settings file to load (special://xbmc/system/advancedsettings.xml)
19:35:59.330 T:140216515393728  NOTICE: No settings file to load (special://masterprofile/advancedsettings.xml)
19:35:59.330 T:140216515393728  NOTICE: Default Video Player: VideoPlayer
19:35:59.330 T:140216515393728  NOTICE: Default Audio Player: paplayer
19:35:59.330 T:140216515393728  NOTICE: Disabled debug logging due to GUI setting. Level 0.
19:35:59.330 T:140216515393728  NOTICE: Log level changed to "LOG_LEVEL_NORMAL"
19:35:59.330 T:140216515393728  NOTICE: Loading player core factory settings from special://xbmc/system/playercorefactory.xml.
19:35:59.330 T:140216515393728  NOTICE: Loaded playercorefactory configuration
19:35:59.330 T:140216515393728  NOTICE: Loading player core factory settings from special://masterprofile/playercorefactory.xml.
19:35:59.330 T:140216515393728  NOTICE: special://masterprofile/playercorefactory.xml does not exist. Skipping.
22:35:59.335 T:140216515393728  NOTICE: Running database version Addons27
22:35:59.933 T:140216515393728  NOTICE: ADDONS: Using repository repository.xbmc.org
22:35:59.937 T:140215649826560  NOTICE: PulseAudio: Opened device Default in pcm mode with Buffersize 150 ms
22:35:59.964 T:140216515393728  NOTICE: Checking resolution 16
22:36:00.016 T:140216515393728  NOTICE: Using visual 0x21
