19:39:06.526 T:139750176061632  NOTICE: special://profile/ is mapped to: special://masterprofile/
19:39:06.526 T:139750176061632  NOTICE: -----------------------------------------------------------------------
19:39:06.526 T:139750176061632  NOTICE: Starting Kodi (18.0-ALPHA1 Git:20170801-d0e3f716fc-di). Platform: Linux x86 64-bit
19:39:06.526 T:139750176061632  NOTICE: Using Release Kodi x64 build
19:39:06.526 T:139750176061632  NOTICE: Kodi compiled Aug  1 2017 by GCC 7.1.1 for Linux x86 64-bit version 4.10.1 (264705)
19:39:06.526 T:139750176061632  NOTICE: Running on Arch Linux rolling, kernel: Linux x86 64-bit version 4.12.3-1-ARCH
19:39:06.526 T:139750176061632  NOTICE: FFmpeg version/source: 3.3.2
19:39:06.526 T:139750176061632  NOTICE: Host CPU: Intel(R) Core(TM) i5-4210U CPU @ 1.70GHz, 4 cores available
19:39:06.526 T:139750176061632  NOTICE: special://xbmc/ is mapped to: /usr/share/kodi
19:39:06.526 T:139750176061632  NOTICE: special://xbmcbin/ is mapped to: /usr/lib/kodi
19:39:06.526 T:139750176061632  NOTICE: special://xbmcbinaddons/ is mapped to: /usr/lib/kodi/addons
19:39:06.526 T:139750176061632  NOTICE: special://masterprofile/ is mapped to: /home/breno/.kodi/userdata
19:39:06.526 T:139750176061632  NOTICE: special://envhome/ is mapped to: /home/breno
19:39:06.526 T:139750176061632  NOTICE: special://home/ is mapped to: /home/breno/.kodi
19:39:06.526 T:139750176061632  NOTICE: special://temp/ is mapped to: /home/breno/.kodi/temp
19:39:06.526 T:139750176061632  NOTICE: special://logpath/ is mapped to: /home/breno/.kodi/temp
19:39:06.526 T:139750176061632  NOTICE: The executable running is: /usr/lib/kodi/kodi.bin
19:39:06.526 T:139750176061632  NOTICE: Local hostname: flareon
19:39:06.526 T:139750176061632  NOTICE: Log File is located: /home/breno/.kodi/temp//kodi.log
19:39:06.526 T:139750176061632  NOTICE: -----------------------------------------------------------------------
19:39:06.529 T:139750176061632   DEBUG: DBus method call to org.freedesktop.ConsoleKit.Manager.CanStop at /org/freedesktop/ConsoleKit/Manager of org.freedesktop.ConsoleKit failed: org.freedesktop.DBus.Error.ServiceUnknown - The name org.freedesktop.ConsoleKit was not provided by any .service files
19:39:06.529 T:139750176061632    INFO: Selected Logind/UPower as PowerSyscall
19:39:06.540 T:139750176061632   DEBUG: LogindUPowerSyscall - inhibit lock taken, fd 10
19:39:06.542 T:139750176061632   ERROR: DBus error: org.freedesktop.DBus.Error.InvalidArgs - No such property 'OnLowBattery'
19:39:06.542 T:139750176061632  NOTICE: load settings...
19:39:06.546 T:139750176061632   DEBUG: CSettings: loaded settings definition from special://xbmc/system/settings/settings.xml
19:39:06.549 T:139750176061632   DEBUG: CSettings: loaded settings definition from special://xbmc/system/settings/linux.xml
19:39:06.552 T:139750176061632   DEBUG: PulseAudio: Context authorizing
19:39:06.553 T:139750176061632   DEBUG: PulseAudio: Context setting name
19:39:06.553 T:139750176061632   DEBUG: PulseAudio: Context ready
19:39:06.553 T:139749611771648   DEBUG: PulseAudio: Found Built-in Audio with devicestring alsa_output.hw_0_7
19:39:06.553 T:139749611771648   DEBUG: PulseAudio: Found Built-in Audio Analog Stereo with devicestring alsa_output.pci-0000_00_1b.0.analog-stereo
19:39:06.553 T:139750176061632  NOTICE: Found 1 Lists of Devices
19:39:06.553 T:139750176061632  NOTICE: Enumerated PULSE devices:
19:39:06.553 T:139750176061632  NOTICE:     Device 1
19:39:06.553 T:139750176061632  NOTICE:         m_deviceName      : Default
19:39:06.553 T:139750176061632  NOTICE:         m_displayName     : Default
19:39:06.553 T:139750176061632  NOTICE:         m_displayNameExtra: Default Output Device (PULSEAUDIO)
19:39:06.553 T:139750176061632  NOTICE:         m_deviceType      : AE_DEVTYPE_PCM
19:39:06.553 T:139750176061632  NOTICE:         m_channels        : FL, FR
19:39:06.553 T:139750176061632  NOTICE:         m_sampleRates     : 5512,8000,11025,16000,22050,32000,44100,48000,64000,88200,96000,176400,192000,384000
19:39:06.553 T:139750176061632  NOTICE:         m_dataFormats     : AE_FMT_U8,AE_FMT_S16NE,AE_FMT_S24NE3,AE_FMT_S24NE4,AE_FMT_S32NE,AE_FMT_FLOAT
19:39:06.553 T:139750176061632  NOTICE:         m_streamTypes     : No passthrough capabilities
19:39:06.553 T:139750176061632  NOTICE:     Device 2
19:39:06.553 T:139750176061632  NOTICE:         m_deviceName      : alsa_output.hw_0_7
19:39:06.553 T:139750176061632  NOTICE:         m_displayName     : Built-in Audio
19:39:06.553 T:139750176061632  NOTICE:         m_displayNameExtra: Built-in Audio (PULSEAUDIO)
19:39:06.553 T:139750176061632  NOTICE:         m_deviceType      : AE_DEVTYPE_PCM
19:39:06.553 T:139750176061632  NOTICE:         m_channels        : FL, FR
19:39:06.553 T:139750176061632  NOTICE:         m_sampleRates     : 5512,8000,11025,16000,22050,32000,44100,48000,64000,88200,96000,176400,192000,384000
19:39:06.553 T:139750176061632  NOTICE:         m_dataFormats     : AE_FMT_U8,AE_FMT_S16NE,AE_FMT_S24NE3,AE_FMT_S24NE4,AE_FMT_S32NE,AE_FMT_FLOAT
19:39:06.553 T:139750176061632  NOTICE:         m_streamTypes     : No passthrough capabilities
19:39:06.553 T:139750176061632  NOTICE:     Device 3
19:39:06.553 T:139750176061632  NOTICE:         m_deviceName      : alsa_output.pci-0000_00_1b.0.analog-stereo
19:39:06.553 T:139750176061632  NOTICE:         m_displayName     : Built-in Audio Analog Stereo
19:39:06.553 T:139750176061632  NOTICE:         m_displayNameExtra: Speakers (PULSEAUDIO)
19:39:06.553 T:139750176061632  NOTICE:         m_deviceType      : AE_DEVTYPE_PCM
19:39:06.553 T:139750176061632  NOTICE:         m_channels        : FL, FR
19:39:06.553 T:139750176061632  NOTICE:         m_sampleRates     : 5512,8000,11025,16000,22050,32000,44100,48000,64000,88200,96000,176400,192000,384000
19:39:06.553 T:139750176061632  NOTICE:         m_dataFormats     : AE_FMT_U8,AE_FMT_S16NE,AE_FMT_S24NE3,AE_FMT_S24NE4,AE_FMT_S32NE,AE_FMT_FLOAT
19:39:06.553 T:139750176061632  NOTICE:         m_streamTypes     : No passthrough capabilities
19:39:06.554 T:139750176061632   DEBUG: SECTION:LoadDLL(libbluray.so.2)
19:39:06.554 T:139750176061632   DEBUG: Loading: libbluray.so.2
19:39:06.559 T:139750176061632   DEBUG: CSkinSettings: no <skinsettings> tag found
19:39:06.559 T:139750176061632  NOTICE: No settings file to load (special://xbmc/system/advancedsettings.xml)
19:39:06.559 T:139750176061632  NOTICE: No settings file to load (special://masterprofile/advancedsettings.xml)
19:39:06.559 T:139750176061632  NOTICE: Default Video Player: VideoPlayer
19:39:06.559 T:139750176061632  NOTICE: Default Audio Player: paplayer
19:39:06.559 T:139750176061632  NOTICE: Disabled debug logging due to GUI setting. Level 0.
19:39:06.559 T:139750176061632  NOTICE: Log level changed to "LOG_LEVEL_NORMAL"
19:39:06.559 T:139750176061632  NOTICE: Loading player core factory settings from special://xbmc/system/playercorefactory.xml.
19:39:06.559 T:139750176061632  NOTICE: Loaded playercorefactory configuration
19:39:06.559 T:139750176061632  NOTICE: Loading player core factory settings from special://masterprofile/playercorefactory.xml.
19:39:06.559 T:139750176061632  NOTICE: special://masterprofile/playercorefactory.xml does not exist. Skipping.
22:39:06.561 T:139750176061632  NOTICE: Running database version Addons27
22:39:06.585 T:139750176061632  NOTICE: ADDONS: Using repository repository.xbmc.org
22:39:06.589 T:139749511657216  NOTICE: PulseAudio: Opened device Default in pcm mode with Buffersize 150 ms
22:39:06.613 T:139750176061632  NOTICE: Checking resolution 16
22:39:06.658 T:139750176061632  NOTICE: Using visual 0x21
22:39:06.668 T:139750176061632  NOTICE: VAAPI::Close - closing decoder context
22:39:06.669 T:139750176061632  NOTICE: GL_VENDOR = Intel Open Source Technology Center
22:39:06.669 T:139750176061632  NOTICE: GL_RENDERER = Mesa DRI Intel(R) Haswell Mobile
22:39:06.669 T:139750176061632  NOTICE: GL_VERSION = 3.0 Mesa 17.1.5
22:39:06.669 T:139750176061632  NOTICE: GL_SHADING_LANGUAGE_VERSION = 1.30
22:39:06.669 T:139750176061632  NOTICE: GL_EXTENSIONS = GL_ARB_multisample GL_EXT_abgr GL_EXT_bgra GL_EXT_blend_color GL_EXT_blend_minmax GL_EXT_blend_subtract GL_EXT_copy_texture GL_EXT_polygon_offset GL_EXT_subtexture GL_EXT_texture_object GL_EXT_vertex_array GL_EXT_compiled_vertex_array GL_EXT_texture GL_EXT_texture3D GL_IBM_rasterpos_clip GL_ARB_point_parameters GL_EXT_draw_range_elements GL_EXT_packed_pixels GL_EXT_point_parameters GL_EXT_rescale_normal GL_EXT_separate_specular_color GL_EXT_texture_edge_clamp GL_SGIS_generate_mipmap GL_SGIS_texture_border_clamp GL_SGIS_texture_edge_clamp GL_SGIS_texture_lod GL_ARB_framebuffer_sRGB GL_ARB_multitexture GL_EXT_framebuffer_sRGB GL_IBM_multimode_draw_arrays GL_IBM_texture_mirrored_repeat GL_3DFX_texture_compression_FXT1 GL_ARB_texture_cube_map GL_ARB_texture_env_add GL_ARB_transpose_matrix GL_EXT_blend_func_separate GL_EXT_fog_coord GL_EXT_multi_draw_arrays GL_EXT_secondary_color GL_EXT_texture_env_add GL_EXT_texture_filter_anisotropic GL_EXT_texture_lod_bias GL_INGR_blend_func_separate GL_NV_blend_square GL_NV_light_max_exponent GL_NV_texgen_reflection GL_NV_texture_env_combine4 GL_S3_s3tc GL_SUN_multi_draw_arrays GL_ARB_texture_border_clamp GL_ARB_texture_compression GL_EXT_framebuffer_object GL_EXT_texture_compression_s3tc GL_EXT_texture_env_combine GL_EXT_texture_env_dot3 GL_MESA_window_pos GL_NV_packed_depth_stencil GL_NV_texture_rectangle GL_ARB_depth_texture GL_ARB_occlusion_query GL_ARB_shadow GL_ARB_texture_env_combine GL_ARB_texture_env_crossbar GL_ARB_texture_env_dot3 GL_ARB_texture_mirrored_repeat GL_ARB_window_pos GL_EXT_stencil_two_side GL_EXT_texture_cube_map GL_NV_depth_clamp GL_APPLE_packed_pixels GL_APPLE_vertex_array_object GL_ARB_draw_buffers GL_ARB_fragment_program GL_ARB_fragment_shader GL_ARB_shader_objects GL_ARB_vertex_program GL_ARB_vertex_shader GL_ATI_draw_buffers GL_ATI_texture_env_combine3 GL_ATI_texture_float GL_EXT_shadow_funcs GL_EXT_stencil_wrap GL_MESA_pack_invert GL_NV_primitive_restart GL_ARB_depth_clamp GL_ARB_fragment_program_shadow GL_ARB_half_float_pixel GL_ARB_occlusion_query2 GL_ARB_point_sprite GL_ARB_shading_language_100 GL_ARB_sync GL_ARB_texture_non_power_of_two GL_ARB_vertex_buffer_object GL_ATI_blend_equation_separate GL_EXT_blend_equation_separate GL_OES_read_format GL_ARB_color_buffer_float GL_ARB_pixel_buffer_object GL_ARB_texture_compression_rgtc GL_ARB_texture_float GL_ARB_texture_rectangle GL_EXT_packed_float GL_EXT_pixel_buffer_object GL_EXT_texture_compression_dxt1 GL_EXT_texture_compression_rgtc GL_EXT_texture_rectangle GL_EXT_texture_sRGB GL_EXT_texture_shared_exponent GL_ARB_framebuffer_object GL_EXT_framebuffer_blit GL_EXT_framebuffer_multisample GL_EXT_packed_depth_stencil GL_APPLE_object_purgeable GL_ARB_vertex_array_object GL_ATI_separate_stencil GL_EXT_draw_buffers2 GL_EXT_draw_instanced GL_EXT_gpu_program_parameters GL_EXT_texture_array GL_EXT_texture_integer GL_EXT_texture_sRGB_decode GL_EXT_timer_query GL_OES_EGL_image GL_ARB_copy_buffer GL_ARB_depth_buffer_float GL_ARB_draw_instanced GL_ARB_half_float_vertex GL_ARB_instanced_arrays GL_ARB_map_buffer_range GL_ARB_texture_rg GL_ARB_texture_swizzle GL_ARB_vertex_array_bgra GL_EXT_texture_swizzle GL_EXT_vertex_array_bgra GL_NV_conditional_render GL_AMD_conservative_depth GL_AMD_draw_buffers_blend GL_AMD_seamless_cubemap_per_texture GL_ARB_ES2_compatibility GL_ARB_blend_func_extended GL_ARB_debug_output GL_ARB_draw_buffers_blend GL_ARB_draw_elements_base_vertex GL_ARB_explicit_attrib_location GL_ARB_fragment_coord_conventions GL_ARB_provoking_vertex GL_ARB_sample_shading GL_ARB_sampler_objects GL_ARB_seamless_cube_map GL_ARB_shader_texture_lod GL_ARB_texture_cube_map_array GL_ARB_texture_gather GL_ARB_texture_multisample GL_ARB_texture_query_lod GL_ARB_texture_rgb10_a2ui GL_ARB_uniform_buffer_object GL_ARB_vertex_type_2_10_10_10_rev GL_EXT_provoking_vertex GL_EXT_texture_snorm GL_MESA_texture_signed_rgba GL_NV_texture_barrier GL_ARB_get_program_binary GL_ARB_robustness GL_ARB_separate_shader_objects GL_ARB_shader_bit_encoding GL_ARB_shader_precision GL_ARB_texture_compression_bptc GL_ARB_timer_query GL_ARB_transform_feedback2 GL_ARB_transform_feedback3 GL_ANGLE_texture_compression_dxt3 GL_ANGLE_texture_compression_dxt5 GL_ARB_compressed_texture_pixel_storage GL_ARB_conservative_depth GL_ARB_internalformat_query GL_ARB_map_buffer_alignment GL_ARB_shader_atomic_counters GL_ARB_shader_image_load_store GL_ARB_shading_language_420pack GL_ARB_shading_language_packing GL_ARB_texture_storage GL_ARB_transform_feedback_instanced GL_EXT_framebuffer_multisample_blit_scaled GL_EXT_transform_feedback GL_AMD_shader_trinary_minmax GL_ARB_ES3_compatibility GL_ARB_arrays_of_arrays GL_ARB_clear_buffer_object GL_ARB_compute_shader GL_ARB_copy_image GL_ARB_explicit_uniform_location GL_ARB_framebuffer_no_attachments GL_ARB_invalidate_subdata GL_ARB_program_interface_query GL_ARB_robust_buffer_access_behavior GL_ARB_shader_image_size GL_ARB_shader_storage_buffer_object GL_ARB_stencil_texturing GL_ARB_texture_query_levels GL_ARB_texture_storage_multisample GL_ARB_texture_view GL_ARB_vertex_attrib_binding GL_KHR_debug GL_KHR_robustness GL_ARB_buffer_storage GL_ARB_clear_texture GL_ARB_internalformat_query2 GL_ARB_multi_bind GL_ARB_query_buffer_object GL_ARB_seamless_cubemap_per_texture GL_ARB_shader_draw_parameters GL_ARB_texture_mirror_clamp_to_edge GL_ARB_texture_stencil8 GL_ARB_vertex_type_10f_11f_11f_rev GL_EXT_shader_integer_mix GL_INTEL_performance_query GL_ARB_clip_control GL_ARB_conditional_render_inverted GL_ARB_cull_distance GL_ARB_derivative_control GL_ARB_get_texture_sub_image GL_ARB_pipeline_statistics_query GL_ARB_shader_texture_image_samples GL_ARB_texture_barrier GL_ARB_transform_feedback_overflow_query GL_EXT_polygon_offset_clamp GL_KHR_blend_equation_advanced GL_KHR_context_flush_control GL_KHR_robust_buffer_access_behavior GL_ARB_shader_atomic_counter_ops GL_ARB_shader_clock GL_EXT_shader_samples_identical GL_MESA_shader_integer_functions
22:39:06.746 T:139749611771648  NOTICE: Running database version Addons27
22:39:07.162 T:139750176061632  NOTICE: start dvd mediatype detection
22:39:07.176 T:139750176061632  NOTICE:   load skin from: /usr/share/kodi/addons/skin.estuary (version: 2.0.2)
22:39:07.289 T:139750176061632 WARNING: JSONRPC: Could not parse type "Setting.Details.SettingList"
22:39:07.325 T:139750176061632  NOTICE: Register - new joystickemulation device registered on application->1: Keyboard player (0000:0000)
22:39:07.329 T:139750176061632  NOTICE: initialize done
22:39:07.329 T:139750176061632  NOTICE: Running the application...
22:39:07.332 T:139750176061632  NOTICE: starting zeroconf publishing
22:39:07.334 T:139748337235712  NOTICE: ES: Starting UDP Event server on port 9777
22:39:07.334 T:139748337235712  NOTICE: UDP: Listening on port 9777 (ipv6 : false)
22:39:17.345 T:139747928311552   ERROR: GetDirectory - Error getting
22:41:10.541 T:139750176061632   ERROR: Previous line repeats 6 times.
22:41:10.541 T:139750176061632  NOTICE: CWebServer[8080]: Started
22:41:25.791 T:139750176061632  NOTICE: ES: Stopping event server with confirmation
22:41:26.476 T:139748337235712  NOTICE: ES: UDP Event server stopped
22:41:26.476 T:139748337235712  NOTICE: ES: Starting UDP Event server on port 9777
22:41:27.480 T:139750176061632   ERROR: JSONRPC Server: Failed to connect to sdpd
22:41:27.480 T:139748337235712  NOTICE: UDP: Listening on port 9777 (ipv6 : true)
22:43:52.709 T:139750176061632  NOTICE: stopping zeroconf publishing
22:43:54.378 T:139750176061632  NOTICE: starting zeroconf publishing
22:44:37.625 T:139748337235712  NOTICE: ES: Incoming connection from Kore Remote
22:44:37.668 T:139749511657216  NOTICE: PulseAudio: Opened device Default in pcm mode with Buffersize 150 ms
22:46:54.320 T:139747928311552  NOTICE: VideoInfoScanner: Starting scan ..
22:46:59.458 T:139747928311552   ERROR: CCurlFile::Open failed with code 404 for http://akas.imdb.com/title//|accept-language=en-us
22:46:59.458 T:139747928311552   ERROR: Run: Unable to parse web site
22:47:01.282 T:139747928311552   ERROR: Previous line repeats 2 times.
22:47:01.282 T:139747928311552   ERROR: GetVideoDetails: Invalid XML file (want <details>)
22:47:06.307 T:139747928311552 WARNING: No information found for item '/home/breno/video/movie/Frankenhooker - Comedy Horror 1990 Eng Subs 720p [H264-mp4]/Frankenhooker - Comedy Horror 1990 Eng Subs 720p [H264-mp4].mp4', it won't be added to the library.
22:47:18.075 T:139747928311552  NOTICE: VideoInfoScanner: Finished scan. Scanning for video info took 00:23
22:47:45.630 T:139750176061632  NOTICE: Storing total System Uptime
22:47:45.630 T:139750176061632  NOTICE: Saving settings
22:47:45.633 T:139750176061632  NOTICE: Saving skin settings
22:47:45.634 T:139750176061632  NOTICE: stop all
22:47:45.634 T:139750176061632  NOTICE: stop player
22:47:45.634 T:139750176061632  NOTICE: ES: Stopping event server
22:47:45.634 T:139750176061632  NOTICE: stopping zeroconf publishing
22:47:45.635 T:139750176061632  NOTICE: CWebServer[8080]: Stopped
22:47:46.587 T:139748337235712  NOTICE: ES: UDP Event server stopped
22:47:46.587 T:139750176061632  NOTICE: stop dvd detect media
22:47:46.856 T:139750176061632  NOTICE: closing down remote control service
22:47:46.856 T:139750176061632  NOTICE: stopped
22:47:47.065 T:139750176061632  NOTICE: destroy
